INFO [2019-01-31 11:55:04] [[1]]
INFO [2019-01-31 11:55:04] V3V4_over
INFO [2019-01-31 11:55:04] 
INFO [2019-01-31 11:55:04] $lwd
INFO [2019-01-31 11:55:04] [1] 1
INFO [2019-01-31 11:55:04] 
INFO [2019-01-31 11:55:04] $fill
INFO [2019-01-31 11:55:04] c("red", "blue", "darkblue", "gray")
INFO [2019-01-31 11:55:04] 
INFO [2019-01-31 11:55:04] $col
INFO [2019-01-31 11:55:04] c("red", "blue", "green", "orange")
INFO [2019-01-31 11:55:04] 
INFO [2019-01-31 11:55:04] $alpha
INFO [2019-01-31 11:55:04] [1] 0.5
INFO [2019-01-31 11:55:04] 
INFO [2019-01-31 11:55:04] $filename
INFO [2019-01-31 11:55:04] NULL
INFO [2019-01-31 11:55:04] 
INFO [2019-01-31 11:55:04] $scaled
INFO [2019-01-31 11:55:04] [1] TRUE
INFO [2019-01-31 11:55:04] 
INFO [2019-01-31 11:55:04] $reverse
INFO [2019-01-31 11:55:04] [1] TRUE
INFO [2019-01-31 11:55:04] 
INFO [2019-01-31 11:55:04] $print.mode
INFO [2019-01-31 11:55:04] c("raw", "percent")
INFO [2019-01-31 11:55:04] 
INFO [2019-01-31 11:55:04] $sigdigs
INFO [2019-01-31 11:55:04] [1] 1
INFO [2019-01-31 11:55:04] 
ERROR [2019-01-31 11:55:04] Unexpected parameter length for 'col'
INFO [2019-01-31 11:55:04] [[1]]
INFO [2019-01-31 11:55:04] V4V5_over
INFO [2019-01-31 11:55:04] 
INFO [2019-01-31 11:55:04] $lwd
INFO [2019-01-31 11:55:04] [1] 1
INFO [2019-01-31 11:55:04] 
INFO [2019-01-31 11:55:04] $fill
INFO [2019-01-31 11:55:04] c("red", "blue", "darkblue", "gray")
INFO [2019-01-31 11:55:04] 
INFO [2019-01-31 11:55:04] $col
INFO [2019-01-31 11:55:04] c("red", "blue", "green", "orange")
INFO [2019-01-31 11:55:04] 
INFO [2019-01-31 11:55:04] $alpha
INFO [2019-01-31 11:55:04] [1] 0.5
INFO [2019-01-31 11:55:04] 
INFO [2019-01-31 11:55:04] $filename
INFO [2019-01-31 11:55:04] NULL
INFO [2019-01-31 11:55:04] 
INFO [2019-01-31 11:55:04] $scaled
INFO [2019-01-31 11:55:04] [1] TRUE
INFO [2019-01-31 11:55:04] 
INFO [2019-01-31 11:55:04] $reverse
INFO [2019-01-31 11:55:04] [1] TRUE
INFO [2019-01-31 11:55:04] 
INFO [2019-01-31 11:55:04] $print.mode
INFO [2019-01-31 11:55:04] c("raw", "percent")
INFO [2019-01-31 11:55:04] 
INFO [2019-01-31 11:55:04] $sigdigs
INFO [2019-01-31 11:55:04] [1] 1
INFO [2019-01-31 11:55:04] 
ERROR [2019-01-31 11:55:04] Unexpected parameter length for 'col'
